<?xml version="1.0" encoding="UTF-8"?>
<!-- Generated by org.testng.reporters.JUnitReportReporter -->
<testsuite hostname="SeethaUSAPC" failures="0" tests="1" name="cucumber.TestNGTestRunner" time="7.657" errors="0" timestamp="20 Feb 2024 18:51:15 GMT" skipped="0">
  <testcase classname="cucumber.TestNGTestRunner" name="runScenario" time="7.657"/>
</testsuite> <!-- cucumber.TestNGTestRunner -->
