<?xml version="1.0" encoding="UTF-8"?>
<!-- Generated by org.testng.reporters.JUnitReportReporter -->
<testsuite hostname="SeethaUSAPC" failures="0" tests="1" name="resources.sample" time="0.011" errors="0" timestamp="14 Feb 2024 23:55:21 GMT" skipped="0">
  <testcase classname="resources.sample" name="s1" time="0.011"/>
</testsuite> <!-- resources.sample -->
