<?xml version="1.0" encoding="UTF-8"?>
<!-- Generated by org.testng.reporters.JUnitReportReporter -->
<testsuite hostname="SeethaUSAPC" failures="0" tests="2" name="P1Test.P1Testarti.ErrorValidations" time="13.126" errors="0" timestamp="22 Feb 2024 22:51:50 GMT" skipped="0">
  <testcase classname="P1Test.P1Testarti.ErrorValidations" name="loginErrorValidation" time="6.243"/>
  <testcase classname="P1Test.P1Testarti.ErrorValidations" name="productErrorValidation" time="6.883"/>
</testsuite> <!-- P1Test.P1Testarti.ErrorValidations -->
