<?xml version="1.0" encoding="UTF-8"?>
<!-- Generated by org.testng.reporters.JUnitReportReporter -->
<testsuite hostname="SeethaUSAPC" failures="0" tests="1" name="P1Test.P1Testarti.SubmitOrder" time="7.970" errors="0" timestamp="22 Feb 2024 22:51:50 GMT" skipped="0">
  <testcase classname="P1Test.P1Testarti.SubmitOrder" name="submitOrder" time="7.970"/>
</testsuite> <!-- P1Test.P1Testarti.SubmitOrder -->
